<?xml version="1.0" encoding="UTF-8"?>
<testsuite name="BinaerBaum_UnitTest" tests="1" skipped="0" failures="0" errors="0" timestamp="2022-05-07T17:28:28" hostname="NILS-PC" time="0.011">
  <properties/>
  <testcase name="standardTesting()" classname="BinaerBaum_UnitTest" time="0.011"/>
  <system-out><![CDATA[]]></system-out>
  <system-err><![CDATA[]]></system-err>
</testsuite>
